<?xml version="1.0" encoding="UTF-8"?>
<!-- Generated by org.testng.reporters.JUnitReportReporter -->
<testsuite hostname="DESKTOP-0VQF23E" failures="0" tests="1" name="com.salesforce.testcases.LoginPage_TC_001" time="21.796" errors="0" timestamp="2024-09-08T17:17:35 IST" skipped="0">
  <testcase classname="com.salesforce.testcases.LoginPage_TC_001" name="login" time="21.796"/>
  <system-out/>
</testsuite> <!-- com.salesforce.testcases.LoginPage_TC_001 -->
